{"/Users/jeff/Development/javascript/test-driving-js-apps/vsjavas-code/code/tdjsa/tdjsa/testexpress/todo/public/javascripts/common/validate-task.js":{"path":"/Users/jeff/Development/javascript/test-driving-js-apps/vsjavas-code/code/tdjsa/tdjsa/testexpress/todo/public/javascripts/common/validate-task.js","s":{"1":1,"2":18,"3":4,"4":14,"5":1},"b":{"1":[4,14],"2":[18,16,13,11,10,8,7,5],"3":[1,1]},"f":{},"fnMap":{},"statementMap":{"1":{"start":{"line":1,"column":0},"end":{"line":9,"column":2}},"2":{"start":{"line":2,"column":2},"end":{"line":6,"column":16}},"3":{"start":{"line":6,"column":4},"end":{"line":6,"column":16}},"4":{"start":{"line":8,"column":2},"end":{"line":8,"column":15}},"5":{"start":{"line":12,"column":0},"end":{"line":12,"column":67}}},"branchMap":{"1":{"line":2,"type":"if","locations":[{"start":{"line":2,"column":2},"end":{"line":2,"column":2}},{"start":{"line":2,"column":2},"end":{"line":2,"column":2}}]},"2":{"line":2,"type":"binary-expr","locations":[{"start":{"line":2,"column":6},"end":{"line":2,"column":10}},{"start":{"line":2,"column":14},"end":{"line":2,"column":23}},{"start":{"line":3,"column":4},"end":{"line":3,"column":14}},{"start":{"line":3,"column":18},"end":{"line":3,"column":36}},{"start":{"line":4,"column":4},"end":{"line":4,"column":12}},{"start":{"line":4,"column":18},"end":{"line":4,"column":34}},{"start":{"line":5,"column":4},"end":{"line":5,"column":13}},{"start":{"line":5,"column":18},"end":{"line":5,"column":35}}]},"3":{"line":12,"type":"binary-expr","locations":[{"start":{"line":12,"column":1},"end":{"line":12,"column":30}},{"start":{"line":12,"column":36},"end":{"line":12,"column":65}}]}}},"/Users/jeff/Development/javascript/test-driving-js-apps/vsjavas-code/code/tdjsa/tdjsa/testexpress/todo/db.js":{"path":"/Users/jeff/Development/javascript/test-driving-js-apps/vsjavas-code/code/tdjsa/tdjsa/testexpress/todo/db.js","s":{"1":1,"2":1,"3":39,"4":4,"5":3,"6":3,"7":4,"8":2,"9":2,"10":4,"11":4,"12":2},"b":{"1":[3,1]},"f":{"1":39,"2":4,"3":4},"fnMap":{"1":{"name":"(anonymous_1)","line":6,"loc":{"start":{"line":6,"column":7},"end":{"line":6,"column":18}}},"2":{"name":"(anonymous_2)","line":8,"loc":{"start":{"line":8,"column":9},"end":{"line":8,"column":20}}},"3":{"name":"(anonymous_3)","line":16,"loc":{"start":{"line":16,"column":11},"end":{"line":16,"column":38}}}},"statementMap":{"1":{"start":{"line":1,"column":0},"end":{"line":1,"column":51}},"2":{"start":{"line":3,"column":0},"end":{"line":28,"column":2}},"3":{"start":{"line":6,"column":20},"end":{"line":6,"column":43}},"4":{"start":{"line":10,"column":4},"end":{"line":13,"column":5}},"5":{"start":{"line":11,"column":6},"end":{"line":11,"column":30}},"6":{"start":{"line":12,"column":6},"end":{"line":12,"column":29}},"7":{"start":{"line":17,"column":4},"end":{"line":20,"column":6}},"8":{"start":{"line":18,"column":6},"end":{"line":18,"column":27}},"9":{"start":{"line":19,"column":6},"end":{"line":19,"column":21}},"10":{"start":{"line":22,"column":4},"end":{"line":26,"column":5}},"11":{"start":{"line":23,"column":6},"end":{"line":23,"column":51}},"12":{"start":{"line":25,"column":6},"end":{"line":25,"column":19}}},"branchMap":{"1":{"line":10,"type":"if","locations":[{"start":{"line":10,"column":4},"end":{"line":10,"column":4}},{"start":{"line":10,"column":4},"end":{"line":10,"column":4}}]}}},"/Users/jeff/Development/javascript/test-driving-js-apps/vsjavas-code/code/tdjsa/tdjsa/testexpress/todo/models/task.js":{"path":"/Users/jeff/Development/javascript/test-driving-js-apps/vsjavas-code/code/tdjsa/tdjsa/testexpress/todo/models/task.js","s":{"1":1,"2":1,"3":1,"4":1,"5":1,"6":3,"7":2,"8":4,"9":3,"10":1,"11":2,"12":4,"13":3,"14":1,"15":3,"16":3,"17":2,"18":3,"19":3},"b":{"1":[1,2],"2":[3,1],"3":[2,1]},"f":{"1":3,"2":2,"3":4,"4":3},"fnMap":{"1":{"name":"(anonymous_1)","line":8,"loc":{"start":{"line":8,"column":7},"end":{"line":8,"column":26}}},"2":{"name":"(anonymous_2)","line":12,"loc":{"start":{"line":12,"column":7},"end":{"line":12,"column":34}}},"3":{"name":"(anonymous_3)","line":17,"loc":{"start":{"line":17,"column":7},"end":{"line":17,"column":35}}},"4":{"name":"(anonymous_4)","line":33,"loc":{"start":{"line":33,"column":10},"end":{"line":33,"column":37}}}},"statementMap":{"1":{"start":{"line":1,"column":0},"end":{"line":1,"column":28}},"2":{"start":{"line":2,"column":0},"end":{"line":2,"column":75}},"3":{"start":{"line":3,"column":0},"end":{"line":3,"column":45}},"4":{"start":{"line":5,"column":0},"end":{"line":5,"column":31}},"5":{"start":{"line":7,"column":0},"end":{"line":46,"column":2}},"6":{"start":{"line":9,"column":4},"end":{"line":9,"column":65}},"7":{"start":{"line":13,"column":4},"end":{"line":14,"column":67}},"8":{"start":{"line":18,"column":4},"end":{"line":24,"column":6}},"9":{"start":{"line":19,"column":6},"end":{"line":23,"column":7}},"10":{"start":{"line":20,"column":8},"end":{"line":20,"column":46}},"11":{"start":{"line":22,"column":8},"end":{"line":22,"column":73}},"12":{"start":{"line":26,"column":4},"end":{"line":30,"column":5}},"13":{"start":{"line":27,"column":6},"end":{"line":27,"column":77}},"14":{"start":{"line":29,"column":6},"end":{"line":29,"column":47}},"15":{"start":{"line":34,"column":4},"end":{"line":39,"column":6}},"16":{"start":{"line":35,"column":6},"end":{"line":37,"column":7}},"17":{"start":{"line":36,"column":8},"end":{"line":36,"column":71}},"18":{"start":{"line":38,"column":6},"end":{"line":38,"column":21}},"19":{"start":{"line":41,"column":4},"end":{"line":42,"column":62}}},"branchMap":{"1":{"line":19,"type":"if","locations":[{"start":{"line":19,"column":6},"end":{"line":19,"column":6}},{"start":{"line":19,"column":6},"end":{"line":19,"column":6}}]},"2":{"line":26,"type":"if","locations":[{"start":{"line":26,"column":4},"end":{"line":26,"column":4}},{"start":{"line":26,"column":4},"end":{"line":26,"column":4}}]},"3":{"line":35,"type":"if","locations":[{"start":{"line":35,"column":6},"end":{"line":35,"column":6}},{"start":{"line":35,"column":6},"end":{"line":35,"column":6}}]}}},"/Users/jeff/Development/javascript/test-driving-js-apps/vsjavas-code/code/tdjsa/tdjsa/testexpress/todo/routes/tasks.js":{"path":"/Users/jeff/Development/javascript/test-driving-js-apps/vsjavas-code/code/tdjsa/tdjsa/testexpress/todo/routes/tasks.js","s":{"1":1,"2":1,"3":1,"4":1,"5":1,"6":1,"7":1,"8":2,"9":2,"10":1,"11":2,"12":2,"13":1,"14":2,"15":2,"16":1},"b":{"1":[1,1],"2":[1,1],"3":[1,1]},"f":{},"fnMap":{},"statementMap":{"1":{"start":{"line":1,"column":0},"end":{"line":1,"column":35}},"2":{"start":{"line":2,"column":0},"end":{"line":2,"column":32}},"3":{"start":{"line":4,"column":0},"end":{"line":4,"column":39}},"4":{"start":{"line":6,"column":0},"end":{"line":10,"column":3}},"5":{"start":{"line":7,"column":2},"end":{"line":9,"column":4}},"6":{"start":{"line":8,"column":4},"end":{"line":8,"column":20}},"7":{"start":{"line":12,"column":0},"end":{"line":16,"column":3}},"8":{"start":{"line":13,"column":2},"end":{"line":15,"column":4}},"9":{"start":{"line":14,"column":4},"end":{"line":14,"column":41}},"10":{"start":{"line":18,"column":0},"end":{"line":22,"column":3}},"11":{"start":{"line":19,"column":2},"end":{"line":21,"column":4}},"12":{"start":{"line":20,"column":4},"end":{"line":20,"column":57}},"13":{"start":{"line":24,"column":0},"end":{"line":28,"column":3}},"14":{"start":{"line":25,"column":2},"end":{"line":27,"column":4}},"15":{"start":{"line":26,"column":4},"end":{"line":26,"column":59}},"16":{"start":{"line":30,"column":0},"end":{"line":30,"column":24}}},"branchMap":{"1":{"line":14,"type":"cond-expr","locations":[{"start":{"line":14,"column":11},"end":{"line":14,"column":25}},{"start":{"line":14,"column":28},"end":{"line":14,"column":40}}]},"2":{"line":20,"type":"cond-expr","locations":[{"start":{"line":20,"column":10},"end":{"line":20,"column":31}},{"start":{"line":20,"column":34},"end":{"line":20,"column":56}}]},"3":{"line":26,"type":"cond-expr","locations":[{"start":{"line":26,"column":10},"end":{"line":26,"column":31}},{"start":{"line":26,"column":34},"end":{"line":26,"column":58}}]}}}}