TN:
SF:/Users/jeff/Development/javascript/test-driving-js-apps/vsjavas-code/code/tdjsa/tdjsa/testexpress/todo/public/javascripts/common/validate-task.js
FNF:0
FNH:0
DA:1,1
DA:2,18
DA:6,4
DA:8,14
DA:12,1
LF:5
LH:5
BRDA:2,1,0,4
BRDA:2,1,1,14
BRDA:2,2,0,18
BRDA:2,2,1,16
BRDA:2,2,2,13
BRDA:2,2,3,11
BRDA:2,2,4,10
BRDA:2,2,5,8
BRDA:2,2,6,7
BRDA:2,2,7,5
BRDA:12,3,0,1
BRDA:12,3,1,1
BRF:12
BRH:12
end_of_record
TN:
SF:/Users/jeff/Development/javascript/test-driving-js-apps/vsjavas-code/code/tdjsa/tdjsa/testexpress/todo/db.js
FN:6,(anonymous_1)
FN:8,(anonymous_2)
FN:16,(anonymous_3)
FNF:3
FNH:3
FNDA:39,(anonymous_1)
FNDA:4,(anonymous_2)
FNDA:4,(anonymous_3)
DA:1,1
DA:3,1
DA:6,39
DA:10,4
DA:11,3
DA:12,3
DA:17,4
DA:18,2
DA:19,2
DA:22,4
DA:23,4
DA:25,2
LF:12
LH:12
BRDA:10,1,0,3
BRDA:10,1,1,1
BRF:2
BRH:2
end_of_record
TN:
SF:/Users/jeff/Development/javascript/test-driving-js-apps/vsjavas-code/code/tdjsa/tdjsa/testexpress/todo/models/task.js
FN:8,(anonymous_1)
FN:12,(anonymous_2)
FN:17,(anonymous_3)
FN:33,(anonymous_4)
FNF:4
FNH:4
FNDA:3,(anonymous_1)
FNDA:2,(anonymous_2)
FNDA:4,(anonymous_3)
FNDA:3,(anonymous_4)
DA:1,1
DA:2,1
DA:3,1
DA:5,1
DA:7,1
DA:9,3
DA:13,2
DA:18,4
DA:19,3
DA:20,1
DA:22,2
DA:26,4
DA:27,3
DA:29,1
DA:34,3
DA:35,3
DA:36,2
DA:38,3
DA:41,3
LF:19
LH:19
BRDA:19,1,0,1
BRDA:19,1,1,2
BRDA:26,2,0,3
BRDA:26,2,1,1
BRDA:35,3,0,2
BRDA:35,3,1,1
BRF:6
BRH:6
end_of_record
TN:
SF:/Users/jeff/Development/javascript/test-driving-js-apps/vsjavas-code/code/tdjsa/tdjsa/testexpress/todo/routes/tasks.js
FNF:0
FNH:0
DA:1,1
DA:2,1
DA:4,1
DA:6,1
DA:7,1
DA:8,1
DA:12,1
DA:13,2
DA:14,2
DA:18,1
DA:19,2
DA:20,2
DA:24,1
DA:25,2
DA:26,2
DA:30,1
LF:16
LH:16
BRDA:14,1,0,1
BRDA:14,1,1,1
BRDA:20,2,0,1
BRDA:20,2,1,1
BRDA:26,3,0,1
BRDA:26,3,1,1
BRF:6
BRH:6
end_of_record
