{"/Users/jeff/Development/javascript/test-driving-js-apps/vsjavas-code/code/tdjsa/tdjsa/tdd/server/palindrome/src/palindrome.js":{"path":"/Users/jeff/Development/javascript/test-driving-js-apps/vsjavas-code/code/tdjsa/tdjsa/tdd/server/palindrome/src/palindrome.js","s":{"1":1,"2":6,"3":0,"4":6},"b":{"1":[0,6],"2":[6,5]},"f":{"1":6},"fnMap":{"1":{"name":"(anonymous_1)","line":1,"loc":{"start":{"line":1,"column":17},"end":{"line":1,"column":34}}}},"statementMap":{"1":{"start":{"line":1,"column":0},"end":{"line":6,"column":2}},"2":{"start":{"line":2,"column":2},"end":{"line":2,"column":64}},"3":{"start":{"line":2,"column":28},"end":{"line":2,"column":64}},"4":{"start":{"line":4,"column":2},"end":{"line":5,"column":50}}},"branchMap":{"1":{"line":2,"type":"if","locations":[{"start":{"line":2,"column":2},"end":{"line":2,"column":2}},{"start":{"line":2,"column":2},"end":{"line":2,"column":2}}]},"2":{"line":4,"type":"binary-expr","locations":[{"start":{"line":4,"column":9},"end":{"line":4,"column":33}},{"start":{"line":5,"column":4},"end":{"line":5,"column":49}}]}}}}