{"/Users/jeff/Development/javascript/test-driving-js-apps/vsjavas-code/code/tdjsa/tdjsa/testnode/stockfetch/src/stockfetch.js":{"path":"/Users/jeff/Development/javascript/test-driving-js-apps/vsjavas-code/code/tdjsa/tdjsa/testnode/stockfetch/src/stockfetch.js","s":{"1":1,"2":1,"3":1,"4":27,"5":5,"6":5,"7":2,"8":3,"9":3,"10":1,"11":2,"12":5,"13":27,"14":5,"15":16,"16":5,"17":27,"18":3,"19":3,"20":11,"21":27,"22":8,"23":8,"24":27,"25":3,"26":2,"27":2,"28":2,"29":2,"30":1,"31":1,"32":27,"33":6,"34":27,"35":2,"36":2,"37":2,"38":27,"39":10,"40":3,"41":27,"42":7,"43":7,"44":27,"45":5,"46":9,"47":5,"48":27,"49":27,"50":2,"51":2,"52":27,"53":27,"54":27,"55":27,"56":1},"b":{"1":[2,3],"2":[1,2],"3":[16,12],"4":[2,1],"5":[3,7]},"f":{"1":27,"2":5,"3":5,"4":16},"fnMap":{"1":{"name":"(anonymous_1)","line":4,"loc":{"start":{"line":4,"column":19},"end":{"line":4,"column":30}}},"2":{"name":"(anonymous_2)","line":5,"loc":{"start":{"line":5,"column":25},"end":{"line":5,"column":53}}},"3":{"name":"(anonymous_3)","line":22,"loc":{"start":{"line":22,"column":22},"end":{"line":22,"column":40}}},"4":{"name":"(anonymous_4)","line":23,"loc":{"start":{"line":23,"column":28},"end":{"line":23,"column":42}}}},"statementMap":{"1":{"start":{"line":1,"column":0},"end":{"line":1,"column":25}},"2":{"start":{"line":2,"column":0},"end":{"line":2,"column":29}},"3":{"start":{"line":4,"column":0},"end":{"line":91,"column":2}},"4":{"start":{"line":5,"column":2},"end":{"line":20,"column":4}},"5":{"start":{"line":6,"column":4},"end":{"line":17,"column":6}},"6":{"start":{"line":7,"column":6},"end":{"line":16,"column":7}},"7":{"start":{"line":8,"column":8},"end":{"line":8,"column":51}},"8":{"start":{"line":10,"column":8},"end":{"line":10,"column":59}},"9":{"start":{"line":11,"column":8},"end":{"line":15,"column":9}},"10":{"start":{"line":12,"column":10},"end":{"line":12,"column":58}},"11":{"start":{"line":14,"column":10},"end":{"line":14,"column":39}},"12":{"start":{"line":19,"column":4},"end":{"line":19,"column":43}},"13":{"start":{"line":22,"column":2},"end":{"line":28,"column":4}},"14":{"start":{"line":23,"column":4},"end":{"line":25,"column":6}},"15":{"start":{"line":24,"column":6},"end":{"line":24,"column":61}},"16":{"start":{"line":27,"column":4},"end":{"line":27,"column":55}},"17":{"start":{"line":30,"column":2},"end":{"line":33,"column":4}},"18":{"start":{"line":31,"column":4},"end":{"line":31,"column":39}},"19":{"start":{"line":32,"column":4},"end":{"line":32,"column":53}},"20":{"start":{"line":32,"column":30},"end":{"line":32,"column":51}},"21":{"start":{"line":35,"column":2},"end":{"line":39,"column":3}},"22":{"start":{"line":36,"column":4},"end":{"line":36,"column":72}},"23":{"start":{"line":37,"column":4},"end":{"line":38,"column":60}},"24":{"start":{"line":41,"column":2},"end":{"line":49,"column":4}},"25":{"start":{"line":42,"column":4},"end":{"line":48,"column":5}},"26":{"start":{"line":43,"column":6},"end":{"line":43,"column":20}},"27":{"start":{"line":44,"column":6},"end":{"line":44,"column":55}},"28":{"start":{"line":44,"column":37},"end":{"line":44,"column":51}},"29":{"start":{"line":45,"column":6},"end":{"line":45,"column":67}},"30":{"start":{"line":45,"column":33},"end":{"line":45,"column":63}},"31":{"start":{"line":47,"column":6},"end":{"line":47,"column":53}},"32":{"start":{"line":51,"column":2},"end":{"line":53,"column":3}},"33":{"start":{"line":52,"column":4},"end":{"line":52,"column":42}},"34":{"start":{"line":55,"column":2},"end":{"line":59,"column":3}},"35":{"start":{"line":56,"column":4},"end":{"line":56,"column":55}},"36":{"start":{"line":57,"column":4},"end":{"line":57,"column":32}},"37":{"start":{"line":58,"column":4},"end":{"line":58,"column":23}},"38":{"start":{"line":61,"column":2},"end":{"line":67,"column":4}},"39":{"start":{"line":63,"column":4},"end":{"line":66,"column":5}},"40":{"start":{"line":65,"column":6},"end":{"line":65,"column":82}},"41":{"start":{"line":69,"column":2},"end":{"line":72,"column":4}},"42":{"start":{"line":70,"column":4},"end":{"line":70,"column":32}},"43":{"start":{"line":71,"column":4},"end":{"line":71,"column":23}},"44":{"start":{"line":74,"column":2},"end":{"line":77,"column":3}},"45":{"start":{"line":75,"column":4},"end":{"line":75,"column":57}},"46":{"start":{"line":75,"column":31},"end":{"line":75,"column":55}},"47":{"start":{"line":76,"column":4},"end":{"line":76,"column":49}},"48":{"start":{"line":79,"column":2},"end":{"line":79,"column":33}},"49":{"start":{"line":81,"column":2},"end":{"line":84,"column":3}},"50":{"start":{"line":82,"column":4},"end":{"line":82,"column":36}},"51":{"start":{"line":83,"column":4},"end":{"line":83,"column":44}},"52":{"start":{"line":86,"column":2},"end":{"line":86,"column":24}},"53":{"start":{"line":88,"column":2},"end":{"line":88,"column":19}},"54":{"start":{"line":89,"column":2},"end":{"line":89,"column":19}},"55":{"start":{"line":90,"column":2},"end":{"line":90,"column":19}},"56":{"start":{"line":93,"column":0},"end":{"line":93,"column":28}}},"branchMap":{"1":{"line":7,"type":"if","locations":[{"start":{"line":7,"column":6},"end":{"line":7,"column":6}},{"start":{"line":7,"column":6},"end":{"line":7,"column":6}}]},"2":{"line":11,"type":"if","locations":[{"start":{"line":11,"column":8},"end":{"line":11,"column":8}},{"start":{"line":11,"column":8},"end":{"line":11,"column":8}}]},"3":{"line":24,"type":"binary-expr","locations":[{"start":{"line":24,"column":13},"end":{"line":24,"column":36}},{"start":{"line":24,"column":40},"end":{"line":24,"column":60}}]},"4":{"line":42,"type":"if","locations":[{"start":{"line":42,"column":4},"end":{"line":42,"column":4}},{"start":{"line":42,"column":4},"end":{"line":42,"column":4}}]},"5":{"line":63,"type":"if","locations":[{"start":{"line":63,"column":4},"end":{"line":63,"column":4}},{"start":{"line":63,"column":4},"end":{"line":63,"column":4}}]}}}}