TN:
SF:/Users/jeff/Development/javascript/test-driving-js-apps/vsjavas-code/code/tdjsa/tdjsa/testnode/stockfetch/src/stockfetch.js
FN:4,(anonymous_1)
FN:5,(anonymous_2)
FN:22,(anonymous_3)
FN:23,(anonymous_4)
FNF:4
FNH:4
FNDA:27,(anonymous_1)
FNDA:5,(anonymous_2)
FNDA:5,(anonymous_3)
FNDA:16,(anonymous_4)
DA:1,1
DA:2,1
DA:4,1
DA:5,27
DA:6,5
DA:7,5
DA:8,2
DA:10,3
DA:11,3
DA:12,1
DA:14,2
DA:19,5
DA:22,27
DA:23,5
DA:24,16
DA:27,5
DA:30,27
DA:31,3
DA:32,11
DA:35,27
DA:36,8
DA:37,8
DA:41,27
DA:42,3
DA:43,2
DA:44,2
DA:45,2
DA:47,1
DA:51,27
DA:52,6
DA:55,27
DA:56,2
DA:57,2
DA:58,2
DA:61,27
DA:63,10
DA:65,3
DA:69,27
DA:70,7
DA:71,7
DA:74,27
DA:75,9
DA:76,5
DA:79,27
DA:81,27
DA:82,2
DA:83,2
DA:86,27
DA:88,27
DA:89,27
DA:90,27
DA:93,1
LF:52
LH:52
BRDA:7,1,0,2
BRDA:7,1,1,3
BRDA:11,2,0,1
BRDA:11,2,1,2
BRDA:24,3,0,16
BRDA:24,3,1,12
BRDA:42,4,0,2
BRDA:42,4,1,1
BRDA:63,5,0,3
BRDA:63,5,1,7
BRF:10
BRH:10
end_of_record
